Build started 2017/12/22 21:45:30.
Project "G:\OpenSource_Extend\log4cxx\src\apr-util\xml\expat\lib\xml.vcxproj" on node 2 (build target(s)).
InitializeBuildStatus:
  正在创建“.\LibR\xml.unsuccessfulbuild”，因为已指定“AlwaysCreate”。
CustomBuild:
  Creating config.h from winconfig.h
  Creating expat.h from expat.h.in
ClCompile:
  D:\Program Files (x86)\Microsoft Visual Studio 10.0\VC\bin\CL.exe /c /I. /Zi /nologo /W3 /WX- /O2 /Ob1 /Oy- /D WIN32 /D NDEBUG /D _WINDOWS /D "VERSION=\"expat_1.95.2\"" /D _VC80_UPGRADE=0x0600 /D _MBCS /GF /Gm- /EHsc /MD /GS /Gy /fp:precise /Zc:wchar_t /Zc:forScope /Fo".\LibR\\" /Fd"LibR\xml_src" /Gd /TC /analyze- /errorReport:prompt xmlparse.c xmlrole.c xmltok.c
  xmlparse.c
  xmlrole.c
  xmltok.c
  正在生成代码...
Lib:
  D:\Program Files (x86)\Microsoft Visual Studio 10.0\VC\bin\Lib.exe /OUT:".\LibR\xml.lib" /NOLOGO .\LibR\xmlparse.obj
  .\LibR\xmlrole.obj
  .\LibR\xmltok.obj
  xml.vcxproj -> G:\OpenSource_Extend\log4cxx\src\apr-util\xml\expat\lib\.\LibR\xml.lib
FinalizeBuildStatus:
  正在删除文件“.\LibR\xml.unsuccessfulbuild”。
  正在对“.\LibR\xml.lastbuildstate”执行 Touch 任务。
Done Building Project "G:\OpenSource_Extend\log4cxx\src\apr-util\xml\expat\lib\xml.vcxproj" (build target(s)).

生成成功。

Time Elapsed 00:00:04.52
